<?xml version="1.0" encoding="UTF-8"?>
<!-- Generated by org.testng.reporters.JUnitReportReporter -->
<testsuite hostname="DESKTOP-16ASU4V" failures="0" tests="2" name="TestRunner.passwd.Test_Runner_passwd" time="42.125" errors="0" timestamp="2022-05-10T23:50:08 EDT" skipped="0">
  <testcase classname="TestRunner.passwd.Test_Runner_passwd" name="runScenario" time="11.015"/>
  <system-out/>
  <testcase classname="TestRunner.passwd.Test_Runner_passwd" name="runScenario" time="31.110"/>
  <system-out/>
</testsuite> <!-- TestRunner.passwd.Test_Runner_passwd -->
