<?xml version="1.0" encoding="UTF-8"?>
<!-- Generated by org.testng.reporters.JUnitReportReporter -->
<testsuite hostname="LAPTOP-D32MVGU7" failures="0" tests="2" name="TestRunner.passwd.Test_Runner_passwd" time="39.402" errors="0" timestamp="2022-05-10T23:25:04 EDT" skipped="0">
  <testcase classname="TestRunner.passwd.Test_Runner_passwd" name="runScenario" time="29.762"/>
  <system-out/>
  <testcase classname="TestRunner.passwd.Test_Runner_passwd" name="runScenario" time="9.640"/>
  <system-out/>
</testsuite> <!-- TestRunner.passwd.Test_Runner_passwd -->
